# JRE version: Java(TM) SE Runtime Environment (8.0_171-b11) (build 1.8.0_171-b11)
# Java VM: Java HotSpot(TM) 64-Bit Server VM (25.171-b11 mixed mode windows-amd64 compressed oops)
Heap:
 garbage-first heap   total 65536K, used 30208K [0x00000000c0000000, 0x00000000c0100200, 0x0000000100000000)
  region size 1024K, 13 young (13312K), 5 survivors (5120K)
 Metaspace       used 29035K, capacity 30427K, committed 30720K, reserved 1077248K
  class space    used 3056K, capacity 3486K, committed 3584K, reserved 1048576K
GC Heap History (10 events):
Event: 20.850 GC heap before
{Heap before GC invocations=2 (full 0):
 garbage-first heap   total 65536K, used 30868K [0x00000000c0000000, 0x00000000c0100200, 0x0000000100000000)
  region size 1024K, 24 young (24576K), 3 survivors (3072K)
 Metaspace       used 16872K, capacity 17648K, committed 17792K, reserved 1064960K
  class space    used 1652K, capacity 1902K, committed 1920K, reserved 1048576K
Event: 20.861 GC heap after
Heap after GC invocations=3 (full 0):
 garbage-first heap   total 65536K, used 16384K [0x00000000c0000000, 0x00000000c0100200, 0x0000000100000000)
  region size 1024K, 3 young (3072K), 3 survivors (3072K)
 Metaspace       used 16872K, capacity 17648K, committed 17792K, reserved 1064960K
  class space    used 1652K, capacity 1902K, committed 1920K, reserved 1048576K
}
Event: 24.292 GC heap before
{Heap before GC invocations=3 (full 0):
 garbage-first heap   total 65536K, used 29696K [0x00000000c0000000, 0x00000000c0100200, 0x0000000100000000)
  region size 1024K, 17 young (17408K), 3 survivors (3072K)
 Metaspace       used 20226K, capacity 21245K, committed 21296K, reserved 1069056K
  class space    used 2067K, capacity 2432K, committed 2432K, reserved 1048576K
Event: 24.299 GC heap after
Heap after GC invocations=4 (full 0):
 garbage-first heap   total 65536K, used 18944K [0x00000000c0000000, 0x00000000c0100200, 0x0000000100000000)
  region size 1024K, 5 young (5120K), 5 survivors (5120K)
 Metaspace       used 20226K, capacity 21245K, committed 21296K, reserved 1069056K
  class space    used 2067K, capacity 2432K, committed 2432K, reserved 1048576K
}
Event: 26.529 GC heap before
{Heap before GC invocations=5 (full 0):
 garbage-first heap   total 65536K, used 48640K [0x00000000c0000000, 0x00000000c0100200, 0x0000000100000000)
  region size 1024K, 38 young (38912K), 5 survivors (5120K)
 Metaspace       used 24923K, capacity 26029K, committed 26240K, reserved 1073152K
  class space    used 2585K, capacity 2936K, committed 2944K, reserved 1048576K
Event: 26.540 GC heap after
Heap after GC invocations=6 (full 0):
 garbage-first heap   total 65536K, used 20082K [0x00000000c0000000, 0x00000000c0100200, 0x0000000100000000)
  region size 1024K, 5 young (5120K), 5 survivors (5120K)
 Metaspace       used 24923K, capacity 26029K, committed 26240K, reserved 1073152K
  class space    used 2585K, capacity 2936K, committed 2944K, reserved 1048576K
}
Event: 26.558 GC heap before
{Heap before GC invocations=6 (full 0):
 garbage-first heap   total 65536K, used 21106K [0x00000000c0000000, 0x00000000c0100200, 0x0000000100000000)
  region size 1024K, 6 young (6144K), 5 survivors (5120K)
 Metaspace       used 25069K, capacity 26189K, committed 26368K, reserved 1073152K
  class space    used 2607K, capacity 2968K, committed 3072K, reserved 1048576K
Event: 26.567 GC heap after
Heap after GC invocations=7 (full 0):
 garbage-first heap   total 65536K, used 18432K [0x00000000c0000000, 0x00000000c0100200, 0x0000000100000000)
  region size 1024K, 1 young (1024K), 1 survivors (1024K)
 Metaspace       used 25069K, capacity 26189K, committed 26368K, reserved 1073152K
  class space    used 2607K, capacity 2968K, committed 3072K, reserved 1048576K
}
Event: 28.615 GC heap before
{Heap before GC invocations=7 (full 0):
 garbage-first heap   total 65536K, used 54272K [0x00000000c0000000, 0x00000000c0100200, 0x0000000100000000)
  region size 1024K, 36 young (36864K), 1 survivors (1024K)
 Metaspace       used 28847K, capacity 30211K, committed 30592K, reserved 1077248K
  class space    used 3028K, capacity 3414K, committed 3456K, reserved 1048576K
Event: 28.623 GC heap after
Heap after GC invocations=8 (full 0):
 garbage-first heap   total 65536K, used 23040K [0x00000000c0000000, 0x00000000c0100200, 0x0000000100000000)
  region size 1024K, 5 young (5120K), 5 survivors (5120K)
 Metaspace       used 28847K, capacity 30211K, committed 30592K, reserved 1077248K
  class space    used 3028K, capacity 3414K, committed 3456K, reserved 1048576K
}

