# JRE version: Java(TM) SE Runtime Environment (8.0_171-b11) (build 1.8.0_171-b11)
# Java VM: Java HotSpot(TM) 64-Bit Server VM (25.171-b11 mixed mode windows-amd64 compressed oops)
Heap:
 garbage-first heap   total 65536K, used 20691K [0x00000000c0000000, 0x00000000c0100200, 0x0000000100000000)
  region size 1024K, 1 young (1024K), 0 survivors (0K)
 Metaspace       used 46461K, capacity 48872K, committed 49152K, reserved 1093632K
  class space    used 4811K, capacity 5558K, committed 5632K, reserved 1048576K
GC Heap History (10 events):
Event: 2403.614 GC heap before
{Heap before GC invocations=204 (full 187):
 garbage-first heap   total 65536K, used 20691K [0x00000000c0000000, 0x00000000c0100200, 0x0000000100000000)
  region size 1024K, 1 young (1024K), 0 survivors (0K)
 Metaspace       used 46461K, capacity 48872K, committed 49152K, reserved 1093632K
  class space    used 4811K, capacity 5558K, committed 5632K, reserved 1048576K
Event: 2403.699 GC heap after
Heap after GC invocations=205 (full 188):
 garbage-first heap   total 65536K, used 20691K [0x00000000c0000000, 0x00000000c0100200, 0x0000000100000000)
  region size 1024K, 0 young (0K), 0 survivors (0K)
 Metaspace       used 46461K, capacity 48872K, committed 49152K, reserved 1093632K
  class space    used 4811K, capacity 5558K, committed 5632K, reserved 1048576K
}
Event: 2414.218 GC heap before
{Heap before GC invocations=205 (full 188):
 garbage-first heap   total 65536K, used 20691K [0x00000000c0000000, 0x00000000c0100200, 0x0000000100000000)
  region size 1024K, 1 young (1024K), 0 survivors (0K)
 Metaspace       used 46461K, capacity 48872K, committed 49152K, reserved 1093632K
  class space    used 4811K, capacity 5558K, committed 5632K, reserved 1048576K
Event: 2414.303 GC heap after
Heap after GC invocations=206 (full 189):
 garbage-first heap   total 65536K, used 20691K [0x00000000c0000000, 0x00000000c0100200, 0x0000000100000000)
  region size 1024K, 0 young (0K), 0 survivors (0K)
 Metaspace       used 46461K, capacity 48872K, committed 49152K, reserved 1093632K
  class space    used 4811K, capacity 5558K, committed 5632K, reserved 1048576K
}
Event: 2424.702 GC heap before
{Heap before GC invocations=206 (full 189):
 garbage-first heap   total 65536K, used 20691K [0x00000000c0000000, 0x00000000c0100200, 0x0000000100000000)
  region size 1024K, 1 young (1024K), 0 survivors (0K)
 Metaspace       used 46461K, capacity 48872K, committed 49152K, reserved 1093632K
  class space    used 4811K, capacity 5558K, committed 5632K, reserved 1048576K
Event: 2424.794 GC heap after
Heap after GC invocations=207 (full 190):
 garbage-first heap   total 65536K, used 20691K [0x00000000c0000000, 0x00000000c0100200, 0x0000000100000000)
  region size 1024K, 0 young (0K), 0 survivors (0K)
 Metaspace       used 46461K, capacity 48872K, committed 49152K, reserved 1093632K
  class space    used 4811K, capacity 5558K, committed 5632K, reserved 1048576K
}
Event: 2436.877 GC heap before
{Heap before GC invocations=207 (full 190):
 garbage-first heap   total 65536K, used 20691K [0x00000000c0000000, 0x00000000c0100200, 0x0000000100000000)
  region size 1024K, 1 young (1024K), 0 survivors (0K)
 Metaspace       used 46461K, capacity 48872K, committed 49152K, reserved 1093632K
  class space    used 4811K, capacity 5558K, committed 5632K, reserved 1048576K
Event: 2436.965 GC heap after
Heap after GC invocations=208 (full 191):
 garbage-first heap   total 65536K, used 20691K [0x00000000c0000000, 0x00000000c0100200, 0x0000000100000000)
  region size 1024K, 0 young (0K), 0 survivors (0K)
 Metaspace       used 46461K, capacity 48872K, committed 49152K, reserved 1093632K
  class space    used 4811K, capacity 5558K, committed 5632K, reserved 1048576K
}
Event: 2447.620 GC heap before
{Heap before GC invocations=208 (full 191):
 garbage-first heap   total 65536K, used 20691K [0x00000000c0000000, 0x00000000c0100200, 0x0000000100000000)
  region size 1024K, 1 young (1024K), 0 survivors (0K)
 Metaspace       used 46461K, capacity 48872K, committed 49152K, reserved 1093632K
  class space    used 4811K, capacity 5558K, committed 5632K, reserved 1048576K
Event: 2447.704 GC heap after
Heap after GC invocations=209 (full 192):
 garbage-first heap   total 65536K, used 20691K [0x00000000c0000000, 0x00000000c0100200, 0x0000000100000000)
  region size 1024K, 0 young (0K), 0 survivors (0K)
 Metaspace       used 46461K, capacity 48872K, committed 49152K, reserved 1093632K
  class space    used 4811K, capacity 5558K, committed 5632K, reserved 1048576K
}

