# JRE version: Java(TM) SE Runtime Environment (8.0_171-b11) (build 1.8.0_171-b11)
# Java VM: Java HotSpot(TM) 64-Bit Server VM (25.171-b11 mixed mode windows-amd64 compressed oops)
Heap:
 garbage-first heap   total 65536K, used 29184K [0x00000000c0000000, 0x00000000c0100200, 0x0000000100000000)
  region size 1024K, 8 young (8192K), 3 survivors (3072K)
 Metaspace       used 34202K, capacity 36410K, committed 36684K, reserved 1081344K
  class space    used 3806K, capacity 4442K, committed 4480K, reserved 1048576K
GC Heap History (10 events):
Event: 8.154 GC heap before
{Heap before GC invocations=5 (full 0):
 garbage-first heap   total 65536K, used 48640K [0x00000000c0000000, 0x00000000c0100200, 0x0000000100000000)
  region size 1024K, 37 young (37888K), 5 survivors (5120K)
 Metaspace       used 24292K, capacity 25264K, committed 25600K, reserved 1071104K
  class space    used 2645K, capacity 2973K, committed 3072K, reserved 1048576K
Event: 8.166 GC heap after
Heap after GC invocations=6 (full 0):
 garbage-first heap   total 65536K, used 19920K [0x00000000c0000000, 0x00000000c0100200, 0x0000000100000000)
  region size 1024K, 5 young (5120K), 5 survivors (5120K)
 Metaspace       used 24292K, capacity 25264K, committed 25600K, reserved 1071104K
  class space    used 2645K, capacity 2973K, committed 3072K, reserved 1048576K
}
Event: 8.181 GC heap before
{Heap before GC invocations=6 (full 0):
 garbage-first heap   total 65536K, used 20944K [0x00000000c0000000, 0x00000000c0100200, 0x0000000100000000)
  region size 1024K, 6 young (6144K), 5 survivors (5120K)
 Metaspace       used 24298K, capacity 25264K, committed 25600K, reserved 1071104K
  class space    used 2645K, capacity 2973K, committed 3072K, reserved 1048576K
Event: 8.190 GC heap after
Heap after GC invocations=7 (full 0):
 garbage-first heap   total 65536K, used 17920K [0x00000000c0000000, 0x00000000c0100200, 0x0000000100000000)
  region size 1024K, 1 young (1024K), 1 survivors (1024K)
 Metaspace       used 24298K, capacity 25264K, committed 25600K, reserved 1071104K
  class space    used 2645K, capacity 2973K, committed 3072K, reserved 1048576K
}
Event: 9.831 GC heap before
{Heap before GC invocations=7 (full 0):
 garbage-first heap   total 65536K, used 53760K [0x00000000c0000000, 0x00000000c0100200, 0x0000000100000000)
  region size 1024K, 36 young (36864K), 1 survivors (1024K)
 Metaspace       used 28299K, capacity 29634K, committed 29824K, reserved 1075200K
  class space    used 3101K, capacity 3595K, committed 3712K, reserved 1048576K
Event: 9.844 GC heap after
Heap after GC invocations=8 (full 0):
 garbage-first heap   total 65536K, used 26112K [0x00000000c0000000, 0x00000000c0100200, 0x0000000100000000)
  region size 1024K, 5 young (5120K), 5 survivors (5120K)
 Metaspace       used 28299K, capacity 29634K, committed 29824K, reserved 1075200K
  class space    used 3101K, capacity 3595K, committed 3712K, reserved 1048576K
}
Event: 10.870 GC heap before
{Heap before GC invocations=8 (full 0):
 garbage-first heap   total 65536K, used 52736K [0x00000000c0000000, 0x00000000c0100200, 0x0000000100000000)
  region size 1024K, 31 young (31744K), 5 survivors (5120K)
 Metaspace       used 31961K, capacity 33946K, committed 34048K, reserved 1079296K
  class space    used 3550K, capacity 4090K, committed 4096K, reserved 1048576K
Event: 10.885 GC heap after
Heap after GC invocations=9 (full 0):
 garbage-first heap   total 65536K, used 33792K [0x00000000c0000000, 0x00000000c0100200, 0x0000000100000000)
  region size 1024K, 4 young (4096K), 4 survivors (4096K)
 Metaspace       used 31961K, capacity 33946K, committed 34048K, reserved 1079296K
  class space    used 3550K, capacity 4090K, committed 4096K, reserved 1048576K
}
Event: 12.012 GC heap before
{Heap before GC invocations=9 (full 0):
 garbage-first heap   total 65536K, used 39936K [0x00000000c0000000, 0x00000000c0100200, 0x0000000100000000)
  region size 1024K, 11 young (11264K), 4 survivors (4096K)
 Metaspace       used 33673K, capacity 35708K, committed 35840K, reserved 1081344K
  class space    used 3742K, capacity 4332K, committed 4352K, reserved 1048576K
Event: 12.021 GC heap after
Heap after GC invocations=10 (full 0):
 garbage-first heap   total 65536K, used 35328K [0x00000000c0000000, 0x00000000c0100200, 0x0000000100000000)
  region size 1024K, 3 young (3072K), 3 survivors (3072K)
 Metaspace       used 33673K, capacity 35708K, committed 35840K, reserved 1081344K
  class space    used 3742K, capacity 4332K, committed 4352K, reserved 1048576K
}

