# JRE version: Java(TM) SE Runtime Environment (8.0_171-b11) (build 1.8.0_171-b11)
# Java VM: Java HotSpot(TM) 64-Bit Server VM (25.171-b11 mixed mode windows-amd64 compressed oops)
Heap:
 garbage-first heap   total 65536K, used 28160K [0x00000000c0000000, 0x00000000c0100200, 0x0000000100000000)
  region size 1024K, 9 young (9216K), 1 survivors (1024K)
 Metaspace       used 30360K, capacity 31684K, committed 31996K, reserved 1077248K
  class space    used 3141K, capacity 3539K, committed 3584K, reserved 1048576K
GC Heap History (10 events):
Event: 8.933 GC heap before
{Heap before GC invocations=2 (full 0):
 garbage-first heap   total 65536K, used 40866K [0x00000000c0000000, 0x00000000c0100200, 0x0000000100000000)
  region size 1024K, 34 young (34816K), 3 survivors (3072K)
 Metaspace       used 19467K, capacity 20634K, committed 20864K, reserved 1067008K
  class space    used 1964K, capacity 2312K, committed 2432K, reserved 1048576K
Event: 8.956 GC heap after
Heap after GC invocations=3 (full 0):
 garbage-first heap   total 65536K, used 16896K [0x00000000c0000000, 0x00000000c0100200, 0x0000000100000000)
  region size 1024K, 5 young (5120K), 5 survivors (5120K)
 Metaspace       used 19467K, capacity 20634K, committed 20864K, reserved 1067008K
  class space    used 1964K, capacity 2312K, committed 2432K, reserved 1048576K
}
Event: 12.205 GC heap before
{Heap before GC invocations=3 (full 0):
 garbage-first heap   total 65536K, used 18944K [0x00000000c0000000, 0x00000000c0100200, 0x0000000100000000)
  region size 1024K, 8 young (8192K), 5 survivors (5120K)
 Metaspace       used 19984K, capacity 21082K, committed 21296K, reserved 1069056K
  class space    used 2001K, capacity 2312K, committed 2432K, reserved 1048576K
Event: 12.216 GC heap after
Heap after GC invocations=4 (full 0):
 garbage-first heap   total 65536K, used 18943K [0x00000000c0000000, 0x00000000c0100200, 0x0000000100000000)
  region size 1024K, 4 young (4096K), 4 survivors (4096K)
 Metaspace       used 19984K, capacity 21082K, committed 21296K, reserved 1069056K
  class space    used 2001K, capacity 2312K, committed 2432K, reserved 1048576K
}
Event: 20.067 GC heap before
{Heap before GC invocations=5 (full 0):
 garbage-first heap   total 65536K, used 46591K [0x00000000c0000000, 0x00000000c0100200, 0x0000000100000000)
  region size 1024K, 37 young (37888K), 4 survivors (4096K)
 Metaspace       used 24757K, capacity 25872K, committed 26236K, reserved 1073152K
  class space    used 2488K, capacity 2844K, committed 2944K, reserved 1048576K
Event: 20.080 GC heap after
Heap after GC invocations=6 (full 0):
 garbage-first heap   total 65536K, used 16896K [0x00000000c0000000, 0x00000000c0100200, 0x0000000100000000)
  region size 1024K, 5 young (5120K), 5 survivors (5120K)
 Metaspace       used 24757K, capacity 25872K, committed 26236K, reserved 1073152K
  class space    used 2488K, capacity 2844K, committed 2944K, reserved 1048576K
}
Event: 21.153 GC heap before
{Heap before GC invocations=7 (full 0):
 garbage-first heap   total 65536K, used 50688K [0x00000000c0000000, 0x00000000c0100200, 0x0000000100000000)
  region size 1024K, 38 young (38912K), 5 survivors (5120K)
 Metaspace       used 28773K, capacity 29930K, committed 30332K, reserved 1077248K
  class space    used 2970K, capacity 3339K, committed 3456K, reserved 1048576K
Event: 21.168 GC heap after
Heap after GC invocations=8 (full 0):
 garbage-first heap   total 65536K, used 23040K [0x00000000c0000000, 0x00000000c0100200, 0x0000000100000000)
  region size 1024K, 5 young (5120K), 5 survivors (5120K)
 Metaspace       used 28773K, capacity 29930K, committed 30332K, reserved 1077248K
  class space    used 2970K, capacity 3339K, committed 3456K, reserved 1048576K
}
Event: 21.222 GC heap before
{Heap before GC invocations=8 (full 0):
 garbage-first heap   total 65536K, used 24064K [0x00000000c0000000, 0x00000000c0100200, 0x0000000100000000)
  region size 1024K, 6 young (6144K), 5 survivors (5120K)
 Metaspace       used 29142K, capacity 30282K, committed 30588K, reserved 1077248K
  class space    used 2996K, capacity 3371K, committed 3456K, reserved 1048576K
Event: 21.230 GC heap after
Heap after GC invocations=9 (full 0):
 garbage-first heap   total 65536K, used 20992K [0x00000000c0000000, 0x00000000c0100200, 0x0000000100000000)
  region size 1024K, 1 young (1024K), 1 survivors (1024K)
 Metaspace       used 29142K, capacity 30282K, committed 30588K, reserved 1077248K
  class space    used 2996K, capacity 3371K, committed 3456K, reserved 1048576K
}

