# JRE version: Java(TM) SE Runtime Environment (8.0_171-b11) (build 1.8.0_171-b11)
# Java VM: Java HotSpot(TM) 64-Bit Server VM (25.171-b11 mixed mode windows-amd64 compressed oops)
Heap:
 PSYoungGen      total 7680K, used 2325K [0x00000000eaf00000, 0x00000000eba80000, 0x0000000100000000)
  eden space 3584K, 44% used [0x00000000eaf00000,0x00000000eb08d400,0x00000000eb280000)
  from space 4096K, 17% used [0x00000000eb680000,0x00000000eb738000,0x00000000eba80000)
  to   space 4096K, 0% used [0x00000000eb280000,0x00000000eb280000,0x00000000eb680000)
 ParOldGen       total 9216K, used 5420K [0x00000000c0c00000, 0x00000000c1500000, 0x00000000eaf00000)
  object space 9216K, 58% used [0x00000000c0c00000,0x00000000c114b0b8,0x00000000c1500000)
 Metaspace       used 7485K, capacity 8308K, committed 8448K, reserved 1056768K
  class space    used 906K, capacity 944K, committed 1024K, reserved 1048576K
GC Heap History (10 events):
Event: 3.808 GC heap before
{Heap before GC invocations=7 (full 0):
 PSYoungGen      total 3072K, used 2998K [0x00000000eaf00000, 0x00000000ebb00000, 0x0000000100000000)
  eden space 1536K, 97% used [0x00000000eaf00000,0x00000000eb074868,0x00000000eb080000)
  from space 1536K, 98% used [0x00000000eb380000,0x00000000eb4f9288,0x00000000eb500000)
  to   space 3072K, 0% used [0x00000000eb080000,0x00000000eb080000,0x00000000eb380000)
 ParOldGen       total 5632K, used 3366K [0x00000000c0c00000, 0x00000000c1180000, 0x00000000eaf00000)
  object space 5632K, 59% used [0x00000000c0c00000,0x00000000c0f49b98,0x00000000c1180000)
 Metaspace       used 7280K, capacity 8084K, committed 8448K, reserved 1056768K
  class space    used 888K, capacity 912K, committed 1024K, reserved 1048576K
Event: 3.811 GC heap after
Heap after GC invocations=7 (full 0):
 PSYoungGen      total 4608K, used 2487K [0x00000000eaf00000, 0x00000000eb800000, 0x0000000100000000)
  eden space 1536K, 0% used [0x00000000eaf00000,0x00000000eaf00000,0x00000000eb080000)
  from space 3072K, 80% used [0x00000000eb080000,0x00000000eb2ede80,0x00000000eb380000)
  to   space 3072K, 0% used [0x00000000eb500000,0x00000000eb500000,0x00000000eb800000)
 ParOldGen       total 5632K, used 3518K [0x00000000c0c00000, 0x00000000c1180000, 0x00000000eaf00000)
  object space 5632K, 62% used [0x00000000c0c00000,0x00000000c0f6fbd8,0x00000000c1180000)
 Metaspace       used 7280K, capacity 8084K, committed 8448K, reserved 1056768K
  class space    used 888K, capacity 912K, committed 1024K, reserved 1048576K
}
Event: 3.820 GC heap before
{Heap before GC invocations=8 (full 0):
 PSYoungGen      total 4608K, used 4023K [0x00000000eaf00000, 0x00000000eb800000, 0x0000000100000000)
  eden space 1536K, 100% used [0x00000000eaf00000,0x00000000eb080000,0x00000000eb080000)
  from space 3072K, 80% used [0x00000000eb080000,0x00000000eb2ede80,0x00000000eb380000)
  to   space 3072K, 0% used [0x00000000eb500000,0x00000000eb500000,0x00000000eb800000)
 ParOldGen       total 5632K, used 3518K [0x00000000c0c00000, 0x00000000c1180000, 0x00000000eaf00000)
  object space 5632K, 62% used [0x00000000c0c00000,0x00000000c0f6fbd8,0x00000000c1180000)
 Metaspace       used 7280K, capacity 8084K, committed 8448K, reserved 1056768K
  class space    used 888K, capacity 912K, committed 1024K, reserved 1048576K
Event: 3.823 GC heap after
Heap after GC invocations=8 (full 0):
 PSYoungGen      total 5120K, used 3047K [0x00000000eaf00000, 0x00000000eba00000, 0x0000000100000000)
  eden space 2048K, 0% used [0x00000000eaf00000,0x00000000eaf00000,0x00000000eb100000)
  from space 3072K, 99% used [0x00000000eb500000,0x00000000eb7f9e48,0x00000000eb800000)
  to   space 4096K, 0% used [0x00000000eb100000,0x00000000eb100000,0x00000000eb500000)
 ParOldGen       total 5632K, used 4102K [0x00000000c0c00000, 0x00000000c1180000, 0x00000000eaf00000)
  object space 5632K, 72% used [0x00000000c0c00000,0x00000000c1001be8,0x00000000c1180000)
 Metaspace       used 7280K, capacity 8084K, committed 8448K, reserved 1056768K
  class space    used 888K, capacity 912K, committed 1024K, reserved 1048576K
}
Event: 3.853 GC heap before
{Heap before GC invocations=9 (full 0):
 PSYoungGen      total 5120K, used 5095K [0x00000000eaf00000, 0x00000000eba00000, 0x0000000100000000)
  eden space 2048K, 100% used [0x00000000eaf00000,0x00000000eb100000,0x00000000eb100000)
  from space 3072K, 99% used [0x00000000eb500000,0x00000000eb7f9e48,0x00000000eb800000)
  to   space 4096K, 0% used [0x00000000eb100000,0x00000000eb100000,0x00000000eb500000)
 ParOldGen       total 5632K, used 4102K [0x00000000c0c00000, 0x00000000c1180000, 0x00000000eaf00000)
  object space 5632K, 72% used [0x00000000c0c00000,0x00000000c1001be8,0x00000000c1180000)
 Metaspace       used 7326K, capacity 8180K, committed 8448K, reserved 1056768K
  class space    used 893K, capacity 944K, committed 1024K, reserved 1048576K
Event: 3.858 GC heap after
Heap after GC invocations=9 (full 0):
 PSYoungGen      total 6144K, used 2896K [0x00000000eaf00000, 0x00000000eba80000, 0x0000000100000000)
  eden space 2048K, 0% used [0x00000000eaf00000,0x00000000eaf00000,0x00000000eb100000)
  from space 4096K, 70% used [0x00000000eb100000,0x00000000eb3d42d8,0x00000000eb500000)
  to   space 4096K, 0% used [0x00000000eb680000,0x00000000eb680000,0x00000000eba80000)
 ParOldGen       total 5632K, used 4911K [0x00000000c0c00000, 0x00000000c1180000, 0x00000000eaf00000)
  object space 5632K, 87% used [0x00000000c0c00000,0x00000000c10cbc08,0x00000000c1180000)
 Metaspace       used 7326K, capacity 8180K, committed 8448K, reserved 1056768K
  class space    used 893K, capacity 944K, committed 1024K, reserved 1048576K
}
Event: 3.858 GC heap before
{Heap before GC invocations=10 (full 1):
 PSYoungGen      total 6144K, used 2896K [0x00000000eaf00000, 0x00000000eba80000, 0x0000000100000000)
  eden space 2048K, 0% used [0x00000000eaf00000,0x00000000eaf00000,0x00000000eb100000)
  from space 4096K, 70% used [0x00000000eb100000,0x00000000eb3d42d8,0x00000000eb500000)
  to   space 4096K, 0% used [0x00000000eb680000,0x00000000eb680000,0x00000000eba80000)
 ParOldGen       total 5632K, used 4911K [0x00000000c0c00000, 0x00000000c1180000, 0x00000000eaf00000)
  object space 5632K, 87% used [0x00000000c0c00000,0x00000000c10cbc08,0x00000000c1180000)
 Metaspace       used 7326K, capacity 8180K, committed 8448K, reserved 1056768K
  class space    used 893K, capacity 944K, committed 1024K, reserved 1048576K
Event: 3.978 GC heap after
Heap after GC invocations=10 (full 1):
 PSYoungGen      total 6144K, used 741K [0x00000000eaf00000, 0x00000000eba80000, 0x0000000100000000)
  eden space 2048K, 0% used [0x00000000eaf00000,0x00000000eaf00000,0x00000000eb100000)
  from space 4096K, 18% used [0x00000000eb100000,0x00000000eb1b9570,0x00000000eb500000)
  to   space 4096K, 0% used [0x00000000eb680000,0x00000000eb680000,0x00000000eba80000)
 ParOldGen       total 9216K, used 5252K [0x00000000c0c00000, 0x00000000c1500000, 0x00000000eaf00000)
  object space 9216K, 56% used [0x00000000c0c00000,0x00000000c11210b8,0x00000000c1500000)
 Metaspace       used 7326K, capacity 8180K, committed 8448K, reserved 1056768K
  class space    used 893K, capacity 944K, committed 1024K, reserved 1048576K
}
Event: 3.998 GC heap before
{Heap before GC invocations=11 (full 1):
 PSYoungGen      total 6144K, used 2789K [0x00000000eaf00000, 0x00000000eba80000, 0x0000000100000000)
  eden space 2048K, 100% used [0x00000000eaf00000,0x00000000eb100000,0x00000000eb100000)
  from space 4096K, 18% used [0x00000000eb100000,0x00000000eb1b9570,0x00000000eb500000)
  to   space 4096K, 0% used [0x00000000eb680000,0x00000000eb680000,0x00000000eba80000)
 ParOldGen       total 9216K, used 5252K [0x00000000c0c00000, 0x00000000c1500000, 0x00000000eaf00000)
  object space 9216K, 56% used [0x00000000c0c00000,0x00000000c11210b8,0x00000000c1500000)
 Metaspace       used 7350K, capacity 8180K, committed 8448K, reserved 1056768K
  class space    used 895K, capacity 944K, committed 1024K, reserved 1048576K
Event: 4.001 GC heap after
Heap after GC invocations=11 (full 1):
 PSYoungGen      total 7680K, used 736K [0x00000000eaf00000, 0x00000000eba80000, 0x0000000100000000)
  eden space 3584K, 0% used [0x00000000eaf00000,0x00000000eaf00000,0x00000000eb280000)
  from space 4096K, 17% used [0x00000000eb680000,0x00000000eb738000,0x00000000eba80000)
  to   space 4096K, 0% used [0x00000000eb280000,0x00000000eb280000,0x00000000eb680000)
 ParOldGen       total 9216K, used 5420K [0x00000000c0c00000, 0x00000000c1500000, 0x00000000eaf00000)
  object space 9216K, 58% used [0x00000000c0c00000,0x00000000c114b0b8,0x00000000c1500000)
 Metaspace       used 7350K, capacity 8180K, committed 8448K, reserved 1056768K
  class space    used 895K, capacity 944K, committed 1024K, reserved 1048576K
}

